<?xml version="1.0" encoding="UTF-8"?>
<!-- Generated by org.testng.reporters.JUnitReportReporter -->
<testsuite skipped="0" hostname="Abhishek-PC" name="TestCases.SearchBadmintonTest" tests="1" failures="0" timestamp="29 May 2020 15:09:59 GMT" time="15.842" errors="0">
  <testcase name="searchBadminton" time="15.842" classname="TestCases.SearchBadmintonTest"/>
</testsuite> <!-- TestCases.SearchBadmintonTest -->
